<?xml version="1.0" encoding="UTF-8"?>
<!-- Generated by org.testng.reporters.JUnitReportReporter -->
<testsuite hostname="DESKTOP-N1F9BE9" failures="0" tests="9" name="org.example.AppTest" time="68.496" errors="0" timestamp="2023-04-28T19:48:35 IST" skipped="0">
  <testcase classname="org.example.AppTest" name="VerifyProfileTest" time="2.568"/>
  <system-out/>
  <testcase classname="org.example.AppTest" name="pressLogin" time="0.033"/>
  <system-out/>
  <testcase classname="org.example.AppTest" name="enterWrongDetails" time="0.102"/>
  <system-out/>
  <testcase classname="org.example.AppTest" name="clearDetails" time="2.116"/>
  <system-out/>
  <testcase classname="org.example.AppTest" name="enterCorrectDetails" time="0.125"/>
  <system-out/>
  <testcase classname="org.example.AppTest" name="selectProduct" time="41.270"/>
  <system-out/>
  <testcase classname="org.example.AppTest" name="selectIteam" time="5.472"/>
  <system-out/>
  <testcase classname="org.example.AppTest" name="pressbtn" time="3.108"/>
  <system-out/>
  <testcase classname="org.example.AppTest" name="pressAddToCart" time="13.702"/>
  <system-out/>
</testsuite> <!-- org.example.AppTest -->
